============================= test session starts ==============================
platform linux -- Python 3.10.10, pytest-7.3.1, pluggy-1.0.0
rootdir: /home/seuronao/Documents/Equation Solver-04-24-2023-03-36-22/abracosebeijinhos
collected 20 items

test_grau_1.py FFFFFFF                                                   [ 35%]
test_grau_2.py FFFFFFFF                                                  [ 75%]
test_grau_invalido.py FFFFF                                              [100%]

=================================== FAILURES ===================================
________________ test_grau_1_a_0[test_input0-expected_output0] _________________

monkeypatch = <_pytest.monkeypatch.MonkeyPatch object at 0x7f4f7700e3e0>
test_input = ['1', '0']
expected_output = ['A equação é do primeiro grau', 'Valor de a inválido']

    @pytest.mark.parametrize(
        "test_input, expected_output",
        [
            (["1", "0"], ["A equação é do primeiro grau", "Valor de a inválido"]),
        ],
    )
    def test_grau_1_a_0(monkeypatch: MonkeyPatch, test_input: list[str], expected_output: str):
        mocked_input = lambda prompt="": test_input.pop(0)
    
        mocked_stdout = io.StringIO()
    
        with monkeypatch.context() as m:
            m.setattr(builtins, "input", mocked_input)
            m.setattr(sys, "stdout", mocked_stdout)
    
            sys.modules.pop("main", None)
            importlib.import_module(name="main", package="files")
    
        for output in expected_output:
>           assert output in mocked_stdout.getvalue().strip()
E           AssertionError: assert 'A equação é do primeiro grau' in ''
E            +  where '' = <built-in method strip of str object at 0x7f4f78124030>()
E            +    where <built-in method strip of str object at 0x7f4f78124030> = ''.strip
E            +      where '' = <built-in method getvalue of _io.StringIO object at 0x7f4f77036320>()
E            +        where <built-in method getvalue of _io.StringIO object at 0x7f4f77036320> = <_io.StringIO object at 0x7f4f77036320>.getvalue

test_grau_1.py:29: AssertionError
__________________ test_grau_1[test_input0-expected_output0] ___________________

monkeypatch = <_pytest.monkeypatch.MonkeyPatch object at 0x7f4f7705e560>
test_input = ['1', '1', '0']
expected_output = ['A equação é do primeiro grau', '0.00']

    @pytest.mark.parametrize(
        "test_input, expected_output",
        [
            (["1", "1", "0"], ["A equação é do primeiro grau", "0.00"]),
            (["1", "2", "0"], ["A equação é do primeiro grau", "0.00"]),
            (["1", "10", "0"], ["A equação é do primeiro grau", "0.00"]),
            (["1", "1", "-5"], ["A equação é do primeiro grau", "5.00"]),
            (["1", "2", "4"], ["A equação é do primeiro grau", "-2.00"]),
            (["1", "2", "-4"], ["A equação é do primeiro grau", "2.00"]),
        ],
    )
    def test_grau_1(monkeypatch: MonkeyPatch, test_input: list[str], expected_output: list[str]):
        mocked_input = lambda prompt="": test_input.pop(0)
    
        mocked_stdout = io.StringIO()
    
        with monkeypatch.context() as m:
            m.setattr(builtins, "input", mocked_input)
            m.setattr(sys, "stdout", mocked_stdout)
    
            sys.modules.pop("main", None)
            importlib.import_module(name="main", package="files")
    
        for output in expected_output:
>           assert output in mocked_stdout.getvalue().strip()
E           AssertionError: assert 'A equação é do primeiro grau' in ''
E            +  where '' = <built-in method strip of str object at 0x7f4f78124030>()
E            +    where <built-in method strip of str object at 0x7f4f78124030> = ''.strip
E            +      where '' = <built-in method getvalue of _io.StringIO object at 0x7f4f77036f80>()
E            +        where <built-in method getvalue of _io.StringIO object at 0x7f4f77036f80> = <_io.StringIO object at 0x7f4f77036f80>.getvalue

test_grau_1.py:56: AssertionError
__________________ test_grau_1[test_input1-expected_output1] ___________________

monkeypatch = <_pytest.monkeypatch.MonkeyPatch object at 0x7f4f7700f580>
test_input = ['1', '2', '0']
expected_output = ['A equação é do primeiro grau', '0.00']

    @pytest.mark.parametrize(
        "test_input, expected_output",
        [
            (["1", "1", "0"], ["A equação é do primeiro grau", "0.00"]),
            (["1", "2", "0"], ["A equação é do primeiro grau", "0.00"]),
            (["1", "10", "0"], ["A equação é do primeiro grau", "0.00"]),
            (["1", "1", "-5"], ["A equação é do primeiro grau", "5.00"]),
            (["1", "2", "4"], ["A equação é do primeiro grau", "-2.00"]),
            (["1", "2", "-4"], ["A equação é do primeiro grau", "2.00"]),
        ],
    )
    def test_grau_1(monkeypatch: MonkeyPatch, test_input: list[str], expected_output: list[str]):
        mocked_input = lambda prompt="": test_input.pop(0)
    
        mocked_stdout = io.StringIO()
    
        with monkeypatch.context() as m:
            m.setattr(builtins, "input", mocked_input)
            m.setattr(sys, "stdout", mocked_stdout)
    
            sys.modules.pop("main", None)
            importlib.import_module(name="main", package="files")
    
        for output in expected_output:
>           assert output in mocked_stdout.getvalue().strip()
E           AssertionError: assert 'A equação é do primeiro grau' in ''
E            +  where '' = <built-in method strip of str object at 0x7f4f78124030>()
E            +    where <built-in method strip of str object at 0x7f4f78124030> = ''.strip
E            +      where '' = <built-in method getvalue of _io.StringIO object at 0x7f4f770370a0>()
E            +        where <built-in method getvalue of _io.StringIO object at 0x7f4f770370a0> = <_io.StringIO object at 0x7f4f770370a0>.getvalue

test_grau_1.py:56: AssertionError
__________________ test_grau_1[test_input2-expected_output2] ___________________

monkeypatch = <_pytest.monkeypatch.MonkeyPatch object at 0x7f4f7700f4f0>
test_input = ['1', '10', '0']
expected_output = ['A equação é do primeiro grau', '0.00']

    @pytest.mark.parametrize(
        "test_input, expected_output",
        [
            (["1", "1", "0"], ["A equação é do primeiro grau", "0.00"]),
            (["1", "2", "0"], ["A equação é do primeiro grau", "0.00"]),
            (["1", "10", "0"], ["A equação é do primeiro grau", "0.00"]),
            (["1", "1", "-5"], ["A equação é do primeiro grau", "5.00"]),
            (["1", "2", "4"], ["A equação é do primeiro grau", "-2.00"]),
            (["1", "2", "-4"], ["A equação é do primeiro grau", "2.00"]),
        ],
    )
    def test_grau_1(monkeypatch: MonkeyPatch, test_input: list[str], expected_output: list[str]):
        mocked_input = lambda prompt="": test_input.pop(0)
    
        mocked_stdout = io.StringIO()
    
        with monkeypatch.context() as m:
            m.setattr(builtins, "input", mocked_input)
            m.setattr(sys, "stdout", mocked_stdout)
    
            sys.modules.pop("main", None)
            importlib.import_module(name="main", package="files")
    
        for output in expected_output:
>           assert output in mocked_stdout.getvalue().strip()
E           AssertionError: assert 'A equação é do primeiro grau' in ''
E            +  where '' = <built-in method strip of str object at 0x7f4f78124030>()
E            +    where <built-in method strip of str object at 0x7f4f78124030> = ''.strip
E            +      where '' = <built-in method getvalue of _io.StringIO object at 0x7f4f77037880>()
E            +        where <built-in method getvalue of _io.StringIO object at 0x7f4f77037880> = <_io.StringIO object at 0x7f4f77037880>.getvalue

test_grau_1.py:56: AssertionError
__________________ test_grau_1[test_input3-expected_output3] ___________________

monkeypatch = <_pytest.monkeypatch.MonkeyPatch object at 0x7f4f7700efe0>
test_input = ['1', '1', '-5']
expected_output = ['A equação é do primeiro grau', '5.00']

    @pytest.mark.parametrize(
        "test_input, expected_output",
        [
            (["1", "1", "0"], ["A equação é do primeiro grau", "0.00"]),
            (["1", "2", "0"], ["A equação é do primeiro grau", "0.00"]),
            (["1", "10", "0"], ["A equação é do primeiro grau", "0.00"]),
            (["1", "1", "-5"], ["A equação é do primeiro grau", "5.00"]),
            (["1", "2", "4"], ["A equação é do primeiro grau", "-2.00"]),
            (["1", "2", "-4"], ["A equação é do primeiro grau", "2.00"]),
        ],
    )
    def test_grau_1(monkeypatch: MonkeyPatch, test_input: list[str], expected_output: list[str]):
        mocked_input = lambda prompt="": test_input.pop(0)
    
        mocked_stdout = io.StringIO()
    
        with monkeypatch.context() as m:
            m.setattr(builtins, "input", mocked_input)
            m.setattr(sys, "stdout", mocked_stdout)
    
            sys.modules.pop("main", None)
            importlib.import_module(name="main", package="files")
    
        for output in expected_output:
>           assert output in mocked_stdout.getvalue().strip()
E           AssertionError: assert 'A equação é do primeiro grau' in ''
E            +  where '' = <built-in method strip of str object at 0x7f4f78124030>()
E            +    where <built-in method strip of str object at 0x7f4f78124030> = ''.strip
E            +      where '' = <built-in method getvalue of _io.StringIO object at 0x7f4f770377f0>()
E            +        where <built-in method getvalue of _io.StringIO object at 0x7f4f770377f0> = <_io.StringIO object at 0x7f4f770377f0>.getvalue

test_grau_1.py:56: AssertionError
__________________ test_grau_1[test_input4-expected_output4] ___________________

monkeypatch = <_pytest.monkeypatch.MonkeyPatch object at 0x7f4f771a0e80>
test_input = ['1', '2', '4']
expected_output = ['A equação é do primeiro grau', '-2.00']

    @pytest.mark.parametrize(
        "test_input, expected_output",
        [
            (["1", "1", "0"], ["A equação é do primeiro grau", "0.00"]),
            (["1", "2", "0"], ["A equação é do primeiro grau", "0.00"]),
            (["1", "10", "0"], ["A equação é do primeiro grau", "0.00"]),
            (["1", "1", "-5"], ["A equação é do primeiro grau", "5.00"]),
            (["1", "2", "4"], ["A equação é do primeiro grau", "-2.00"]),
            (["1", "2", "-4"], ["A equação é do primeiro grau", "2.00"]),
        ],
    )
    def test_grau_1(monkeypatch: MonkeyPatch, test_input: list[str], expected_output: list[str]):
        mocked_input = lambda prompt="": test_input.pop(0)
    
        mocked_stdout = io.StringIO()
    
        with monkeypatch.context() as m:
            m.setattr(builtins, "input", mocked_input)
            m.setattr(sys, "stdout", mocked_stdout)
    
            sys.modules.pop("main", None)
            importlib.import_module(name="main", package="files")
    
        for output in expected_output:
>           assert output in mocked_stdout.getvalue().strip()
E           AssertionError: assert 'A equação é do primeiro grau' in ''
E            +  where '' = <built-in method strip of str object at 0x7f4f78124030>()
E            +    where <built-in method strip of str object at 0x7f4f78124030> = ''.strip
E            +      where '' = <built-in method getvalue of _io.StringIO object at 0x7f4f770372e0>()
E            +        where <built-in method getvalue of _io.StringIO object at 0x7f4f770372e0> = <_io.StringIO object at 0x7f4f770372e0>.getvalue

test_grau_1.py:56: AssertionError
__________________ test_grau_1[test_input5-expected_output5] ___________________

monkeypatch = <_pytest.monkeypatch.MonkeyPatch object at 0x7f4f7705d270>
test_input = ['1', '2', '-4']
expected_output = ['A equação é do primeiro grau', '2.00']

    @pytest.mark.parametrize(
        "test_input, expected_output",
        [
            (["1", "1", "0"], ["A equação é do primeiro grau", "0.00"]),
            (["1", "2", "0"], ["A equação é do primeiro grau", "0.00"]),
            (["1", "10", "0"], ["A equação é do primeiro grau", "0.00"]),
            (["1", "1", "-5"], ["A equação é do primeiro grau", "5.00"]),
            (["1", "2", "4"], ["A equação é do primeiro grau", "-2.00"]),
            (["1", "2", "-4"], ["A equação é do primeiro grau", "2.00"]),
        ],
    )
    def test_grau_1(monkeypatch: MonkeyPatch, test_input: list[str], expected_output: list[str]):
        mocked_input = lambda prompt="": test_input.pop(0)
    
        mocked_stdout = io.StringIO()
    
        with monkeypatch.context() as m:
            m.setattr(builtins, "input", mocked_input)
            m.setattr(sys, "stdout", mocked_stdout)
    
            sys.modules.pop("main", None)
            importlib.import_module(name="main", package="files")
    
        for output in expected_output:
>           assert output in mocked_stdout.getvalue().strip()
E           AssertionError: assert 'A equação é do primeiro grau' in ''
E            +  where '' = <built-in method strip of str object at 0x7f4f78124030>()
E            +    where <built-in method strip of str object at 0x7f4f78124030> = ''.strip
E            +      where '' = <built-in method getvalue of _io.StringIO object at 0x7f4f77037eb0>()
E            +        where <built-in method getvalue of _io.StringIO object at 0x7f4f77037eb0> = <_io.StringIO object at 0x7f4f77037eb0>.getvalue

test_grau_1.py:56: AssertionError
________________ test_grau_2_a_0[test_input0-expected_output0] _________________

monkeypatch = <_pytest.monkeypatch.MonkeyPatch object at 0x7f4f771a1390>
test_input = ['2', '0']
expected_output = ['A equação é do segundo grau', 'Valor de a inválido']

    @pytest.mark.parametrize(
        "test_input, expected_output",
        [
            (["2", "0"], ["A equação é do segundo grau", "Valor de a inválido"]),
        ],
    )
    def test_grau_2_a_0(monkeypatch: MonkeyPatch, test_input: list[str], expected_output: list[str]):
        mocked_input = lambda prompt="": test_input.pop(0)
    
        mocked_stdout = io.StringIO()
    
        with monkeypatch.context() as m:
            m.setattr(builtins, "input", mocked_input)
            m.setattr(sys, "stdout", mocked_stdout)
    
            sys.modules.pop("main", None)
            importlib.import_module(name="main", package="files")
    
        for output in expected_output:
>           assert output in mocked_stdout.getvalue().strip()
E           AssertionError: assert 'A equação é do segundo grau' in ''
E            +  where '' = <built-in method strip of str object at 0x7f4f78124030>()
E            +    where <built-in method strip of str object at 0x7f4f78124030> = ''.strip
E            +      where '' = <built-in method getvalue of _io.StringIO object at 0x7f4f7708c1f0>()
E            +        where <built-in method getvalue of _io.StringIO object at 0x7f4f7708c1f0> = <_io.StringIO object at 0x7f4f7708c1f0>.getvalue

test_grau_2.py:29: AssertionError
__________________ test_grau_2[test_input0-expected_output0] ___________________

monkeypatch = <_pytest.monkeypatch.MonkeyPatch object at 0x7f4f7709e710>
test_input = ['2', '1', '0', '0']
expected_output = ['A equação é do segundo grau', 'A equação possui uma raiz real', 'A equação possui apenas uma raiz real', '0.00']

    @pytest.mark.parametrize(
        "test_input, expected_output",
        [
            (["2", "1", "0", "0"], ["A equação é do segundo grau",
                                    "A equação possui uma raiz real", "A equação possui apenas uma raiz real", "0.00"]),
            (["2", "1", "0", "1"], ["A equação é do segundo grau",
                                    "A equação não possui raízes reais"]),
            (["2", "1", "0", "-1"], ["A equação é do segundo grau",
                                     "A equação possui duas raízes reais", "-1.00", "1.00"]),
            (["2", "1", "1", "0"], ["A equação é do segundo grau",
                                    "A equação possui duas raízes reais", "-1.00", "0.00"]),
            (["2", "1", "1", "1"], ["A equação é do segundo grau",
                                    "A equação não possui raízes reais"]),
            (["2", "1", "2", "0"], ["A equação é do segundo grau",
                                    "A equação possui duas raízes reais", "-2.00", "0.00"]),
            (["2", "2", "0", "0"], ["A equação é do segundo grau",
                                    "A equação possui uma raiz real", "A equação possui apenas uma raiz real", "0.00"]),
        ]
    )
    def test_grau_2(monkeypatch: MonkeyPatch, test_input: list[str], expected_output: list[str]):
        mocked_input = lambda prompt="": test_input.pop(0)
    
        mocked_stdout = io.StringIO()
    
        with monkeypatch.context() as m:
            m.setattr(builtins, "input", mocked_input)
            m.setattr(sys, "stdout", mocked_stdout)
    
            sys.modules.pop("main", None)
            importlib.import_module(name="main", package="files")
    
        for output in expected_output:
>           assert output in mocked_stdout.getvalue().strip()
E           AssertionError: assert 'A equação é do segundo grau' in ''
E            +  where '' = <built-in method strip of str object at 0x7f4f78124030>()
E            +    where <built-in method strip of str object at 0x7f4f78124030> = ''.strip
E            +      where '' = <built-in method getvalue of _io.StringIO object at 0x7f4f7708caf0>()
E            +        where <built-in method getvalue of _io.StringIO object at 0x7f4f7708caf0> = <_io.StringIO object at 0x7f4f7708caf0>.getvalue

test_grau_2.py:64: AssertionError
__________________ test_grau_2[test_input1-expected_output1] ___________________

monkeypatch = <_pytest.monkeypatch.MonkeyPatch object at 0x7f4f771a0b50>
test_input = ['2', '1', '0', '1']
expected_output = ['A equação é do segundo grau', 'A equação não possui raízes reais']

    @pytest.mark.parametrize(
        "test_input, expected_output",
        [
            (["2", "1", "0", "0"], ["A equação é do segundo grau",
                                    "A equação possui uma raiz real", "A equação possui apenas uma raiz real", "0.00"]),
            (["2", "1", "0", "1"], ["A equação é do segundo grau",
                                    "A equação não possui raízes reais"]),
            (["2", "1", "0", "-1"], ["A equação é do segundo grau",
                                     "A equação possui duas raízes reais", "-1.00", "1.00"]),
            (["2", "1", "1", "0"], ["A equação é do segundo grau",
                                    "A equação possui duas raízes reais", "-1.00", "0.00"]),
            (["2", "1", "1", "1"], ["A equação é do segundo grau",
                                    "A equação não possui raízes reais"]),
            (["2", "1", "2", "0"], ["A equação é do segundo grau",
                                    "A equação possui duas raízes reais", "-2.00", "0.00"]),
            (["2", "2", "0", "0"], ["A equação é do segundo grau",
                                    "A equação possui uma raiz real", "A equação possui apenas uma raiz real", "0.00"]),
        ]
    )
    def test_grau_2(monkeypatch: MonkeyPatch, test_input: list[str], expected_output: list[str]):
        mocked_input = lambda prompt="": test_input.pop(0)
    
        mocked_stdout = io.StringIO()
    
        with monkeypatch.context() as m:
            m.setattr(builtins, "input", mocked_input)
            m.setattr(sys, "stdout", mocked_stdout)
    
            sys.modules.pop("main", None)
            importlib.import_module(name="main", package="files")
    
        for output in expected_output:
>           assert output in mocked_stdout.getvalue().strip()
E           AssertionError: assert 'A equação é do segundo grau' in ''
E            +  where '' = <built-in method strip of str object at 0x7f4f78124030>()
E            +    where <built-in method strip of str object at 0x7f4f78124030> = ''.strip
E            +      where '' = <built-in method getvalue of _io.StringIO object at 0x7f4f7708d360>()
E            +        where <built-in method getvalue of _io.StringIO object at 0x7f4f7708d360> = <_io.StringIO object at 0x7f4f7708d360>.getvalue

test_grau_2.py:64: AssertionError
__________________ test_grau_2[test_input2-expected_output2] ___________________

monkeypatch = <_pytest.monkeypatch.MonkeyPatch object at 0x7f4f7709ef80>
test_input = ['2', '1', '0', '-1']
expected_output = ['A equação é do segundo grau', 'A equação possui duas raízes reais', '-1.00', '1.00']

    @pytest.mark.parametrize(
        "test_input, expected_output",
        [
            (["2", "1", "0", "0"], ["A equação é do segundo grau",
                                    "A equação possui uma raiz real", "A equação possui apenas uma raiz real", "0.00"]),
            (["2", "1", "0", "1"], ["A equação é do segundo grau",
                                    "A equação não possui raízes reais"]),
            (["2", "1", "0", "-1"], ["A equação é do segundo grau",
                                     "A equação possui duas raízes reais", "-1.00", "1.00"]),
            (["2", "1", "1", "0"], ["A equação é do segundo grau",
                                    "A equação possui duas raízes reais", "-1.00", "0.00"]),
            (["2", "1", "1", "1"], ["A equação é do segundo grau",
                                    "A equação não possui raízes reais"]),
            (["2", "1", "2", "0"], ["A equação é do segundo grau",
                                    "A equação possui duas raízes reais", "-2.00", "0.00"]),
            (["2", "2", "0", "0"], ["A equação é do segundo grau",
                                    "A equação possui uma raiz real", "A equação possui apenas uma raiz real", "0.00"]),
        ]
    )
    def test_grau_2(monkeypatch: MonkeyPatch, test_input: list[str], expected_output: list[str]):
        mocked_input = lambda prompt="": test_input.pop(0)
    
        mocked_stdout = io.StringIO()
    
        with monkeypatch.context() as m:
            m.setattr(builtins, "input", mocked_input)
            m.setattr(sys, "stdout", mocked_stdout)
    
            sys.modules.pop("main", None)
            importlib.import_module(name="main", package="files")
    
        for output in expected_output:
>           assert output in mocked_stdout.getvalue().strip()
E           AssertionError: assert 'A equação é do segundo grau' in ''
E            +  where '' = <built-in method strip of str object at 0x7f4f78124030>()
E            +    where <built-in method strip of str object at 0x7f4f78124030> = ''.strip
E            +      where '' = <built-in method getvalue of _io.StringIO object at 0x7f4f7708dab0>()
E            +        where <built-in method getvalue of _io.StringIO object at 0x7f4f7708dab0> = <_io.StringIO object at 0x7f4f7708dab0>.getvalue

test_grau_2.py:64: AssertionError
__________________ test_grau_2[test_input3-expected_output3] ___________________

monkeypatch = <_pytest.monkeypatch.MonkeyPatch object at 0x7f4f7709edd0>
test_input = ['2', '1', '1', '0']
expected_output = ['A equação é do segundo grau', 'A equação possui duas raízes reais', '-1.00', '0.00']

    @pytest.mark.parametrize(
        "test_input, expected_output",
        [
            (["2", "1", "0", "0"], ["A equação é do segundo grau",
                                    "A equação possui uma raiz real", "A equação possui apenas uma raiz real", "0.00"]),
            (["2", "1", "0", "1"], ["A equação é do segundo grau",
                                    "A equação não possui raízes reais"]),
            (["2", "1", "0", "-1"], ["A equação é do segundo grau",
                                     "A equação possui duas raízes reais", "-1.00", "1.00"]),
            (["2", "1", "1", "0"], ["A equação é do segundo grau",
                                    "A equação possui duas raízes reais", "-1.00", "0.00"]),
            (["2", "1", "1", "1"], ["A equação é do segundo grau",
                                    "A equação não possui raízes reais"]),
            (["2", "1", "2", "0"], ["A equação é do segundo grau",
                                    "A equação possui duas raízes reais", "-2.00", "0.00"]),
            (["2", "2", "0", "0"], ["A equação é do segundo grau",
                                    "A equação possui uma raiz real", "A equação possui apenas uma raiz real", "0.00"]),
        ]
    )
    def test_grau_2(monkeypatch: MonkeyPatch, test_input: list[str], expected_output: list[str]):
        mocked_input = lambda prompt="": test_input.pop(0)
    
        mocked_stdout = io.StringIO()
    
        with monkeypatch.context() as m:
            m.setattr(builtins, "input", mocked_input)
            m.setattr(sys, "stdout", mocked_stdout)
    
            sys.modules.pop("main", None)
            importlib.import_module(name="main", package="files")
    
        for output in expected_output:
>           assert output in mocked_stdout.getvalue().strip()
E           AssertionError: assert 'A equação é do segundo grau' in ''
E            +  where '' = <built-in method strip of str object at 0x7f4f78124030>()
E            +    where <built-in method strip of str object at 0x7f4f78124030> = ''.strip
E            +      where '' = <built-in method getvalue of _io.StringIO object at 0x7f4f7708e290>()
E            +        where <built-in method getvalue of _io.StringIO object at 0x7f4f7708e290> = <_io.StringIO object at 0x7f4f7708e290>.getvalue

test_grau_2.py:64: AssertionError
__________________ test_grau_2[test_input4-expected_output4] ___________________

monkeypatch = <_pytest.monkeypatch.MonkeyPatch object at 0x7f4f7709d9c0>
test_input = ['2', '1', '1', '1']
expected_output = ['A equação é do segundo grau', 'A equação não possui raízes reais']

    @pytest.mark.parametrize(
        "test_input, expected_output",
        [
            (["2", "1", "0", "0"], ["A equação é do segundo grau",
                                    "A equação possui uma raiz real", "A equação possui apenas uma raiz real", "0.00"]),
            (["2", "1", "0", "1"], ["A equação é do segundo grau",
                                    "A equação não possui raízes reais"]),
            (["2", "1", "0", "-1"], ["A equação é do segundo grau",
                                     "A equação possui duas raízes reais", "-1.00", "1.00"]),
            (["2", "1", "1", "0"], ["A equação é do segundo grau",
                                    "A equação possui duas raízes reais", "-1.00", "0.00"]),
            (["2", "1", "1", "1"], ["A equação é do segundo grau",
                                    "A equação não possui raízes reais"]),
            (["2", "1", "2", "0"], ["A equação é do segundo grau",
                                    "A equação possui duas raízes reais", "-2.00", "0.00"]),
            (["2", "2", "0", "0"], ["A equação é do segundo grau",
                                    "A equação possui uma raiz real", "A equação possui apenas uma raiz real", "0.00"]),
        ]
    )
    def test_grau_2(monkeypatch: MonkeyPatch, test_input: list[str], expected_output: list[str]):
        mocked_input = lambda prompt="": test_input.pop(0)
    
        mocked_stdout = io.StringIO()
    
        with monkeypatch.context() as m:
            m.setattr(builtins, "input", mocked_input)
            m.setattr(sys, "stdout", mocked_stdout)
    
            sys.modules.pop("main", None)
            importlib.import_module(name="main", package="files")
    
        for output in expected_output:
>           assert output in mocked_stdout.getvalue().strip()
E           AssertionError: assert 'A equação é do segundo grau' in ''
E            +  where '' = <built-in method strip of str object at 0x7f4f78124030>()
E            +    where <built-in method strip of str object at 0x7f4f78124030> = ''.strip
E            +      where '' = <built-in method getvalue of _io.StringIO object at 0x7f4f7708e9e0>()
E            +        where <built-in method getvalue of _io.StringIO object at 0x7f4f7708e9e0> = <_io.StringIO object at 0x7f4f7708e9e0>.getvalue

test_grau_2.py:64: AssertionError
__________________ test_grau_2[test_input5-expected_output5] ___________________

monkeypatch = <_pytest.monkeypatch.MonkeyPatch object at 0x7f4f7709c190>
test_input = ['2', '1', '2', '0']
expected_output = ['A equação é do segundo grau', 'A equação possui duas raízes reais', '-2.00', '0.00']

    @pytest.mark.parametrize(
        "test_input, expected_output",
        [
            (["2", "1", "0", "0"], ["A equação é do segundo grau",
                                    "A equação possui uma raiz real", "A equação possui apenas uma raiz real", "0.00"]),
            (["2", "1", "0", "1"], ["A equação é do segundo grau",
                                    "A equação não possui raízes reais"]),
            (["2", "1", "0", "-1"], ["A equação é do segundo grau",
                                     "A equação possui duas raízes reais", "-1.00", "1.00"]),
            (["2", "1", "1", "0"], ["A equação é do segundo grau",
                                    "A equação possui duas raízes reais", "-1.00", "0.00"]),
            (["2", "1", "1", "1"], ["A equação é do segundo grau",
                                    "A equação não possui raízes reais"]),
            (["2", "1", "2", "0"], ["A equação é do segundo grau",
                                    "A equação possui duas raízes reais", "-2.00", "0.00"]),
            (["2", "2", "0", "0"], ["A equação é do segundo grau",
                                    "A equação possui uma raiz real", "A equação possui apenas uma raiz real", "0.00"]),
        ]
    )
    def test_grau_2(monkeypatch: MonkeyPatch, test_input: list[str], expected_output: list[str]):
        mocked_input = lambda prompt="": test_input.pop(0)
    
        mocked_stdout = io.StringIO()
    
        with monkeypatch.context() as m:
            m.setattr(builtins, "input", mocked_input)
            m.setattr(sys, "stdout", mocked_stdout)
    
            sys.modules.pop("main", None)
            importlib.import_module(name="main", package="files")
    
        for output in expected_output:
>           assert output in mocked_stdout.getvalue().strip()
E           AssertionError: assert 'A equação é do segundo grau' in ''
E            +  where '' = <built-in method strip of str object at 0x7f4f78124030>()
E            +    where <built-in method strip of str object at 0x7f4f78124030> = ''.strip
E            +      where '' = <built-in method getvalue of _io.StringIO object at 0x7f4f7708f130>()
E            +        where <built-in method getvalue of _io.StringIO object at 0x7f4f7708f130> = <_io.StringIO object at 0x7f4f7708f130>.getvalue

test_grau_2.py:64: AssertionError
__________________ test_grau_2[test_input6-expected_output6] ___________________

monkeypatch = <_pytest.monkeypatch.MonkeyPatch object at 0x7f4f7709e8c0>
test_input = ['2', '2', '0', '0']
expected_output = ['A equação é do segundo grau', 'A equação possui uma raiz real', 'A equação possui apenas uma raiz real', '0.00']

    @pytest.mark.parametrize(
        "test_input, expected_output",
        [
            (["2", "1", "0", "0"], ["A equação é do segundo grau",
                                    "A equação possui uma raiz real", "A equação possui apenas uma raiz real", "0.00"]),
            (["2", "1", "0", "1"], ["A equação é do segundo grau",
                                    "A equação não possui raízes reais"]),
            (["2", "1", "0", "-1"], ["A equação é do segundo grau",
                                     "A equação possui duas raízes reais", "-1.00", "1.00"]),
            (["2", "1", "1", "0"], ["A equação é do segundo grau",
                                    "A equação possui duas raízes reais", "-1.00", "0.00"]),
            (["2", "1", "1", "1"], ["A equação é do segundo grau",
                                    "A equação não possui raízes reais"]),
            (["2", "1", "2", "0"], ["A equação é do segundo grau",
                                    "A equação possui duas raízes reais", "-2.00", "0.00"]),
            (["2", "2", "0", "0"], ["A equação é do segundo grau",
                                    "A equação possui uma raiz real", "A equação possui apenas uma raiz real", "0.00"]),
        ]
    )
    def test_grau_2(monkeypatch: MonkeyPatch, test_input: list[str], expected_output: list[str]):
        mocked_input = lambda prompt="": test_input.pop(0)
    
        mocked_stdout = io.StringIO()
    
        with monkeypatch.context() as m:
            m.setattr(builtins, "input", mocked_input)
            m.setattr(sys, "stdout", mocked_stdout)
    
            sys.modules.pop("main", None)
            importlib.import_module(name="main", package="files")
    
        for output in expected_output:
>           assert output in mocked_stdout.getvalue().strip()
E           AssertionError: assert 'A equação é do segundo grau' in ''
E            +  where '' = <built-in method strip of str object at 0x7f4f78124030>()
E            +    where <built-in method strip of str object at 0x7f4f78124030> = ''.strip
E            +      where '' = <built-in method getvalue of _io.StringIO object at 0x7f4f7708f910>()
E            +        where <built-in method getvalue of _io.StringIO object at 0x7f4f7708f910> = <_io.StringIO object at 0x7f4f7708f910>.getvalue

test_grau_2.py:64: AssertionError
___________________ test_grau_invalido[-1-Grau inv\xe1lido] ____________________

monkeypatch = <_pytest.monkeypatch.MonkeyPatch object at 0x7f4f771a0fd0>
test_input = '-1', expected_output = 'Grau inválido'

    @pytest.mark.parametrize(
        "test_input, expected_output",
        [
            ("-1", "Grau inválido"),
            ("-3", "Grau inválido"),
            ("0", "Grau inválido"),
            ("3", "Grau inválido"),
            ("10", "Grau inválido"),
        ],
    )
    def test_grau_invalido(monkeypatch: MonkeyPatch, test_input: str, expected_output: str):
        mocked_input = lambda prompt="": test_input
        mocked_stdout = io.StringIO()
    
        with monkeypatch.context() as m:
            m.setattr(builtins, "input", mocked_input)
            m.setattr(sys, "stdout", mocked_stdout)
    
            sys.modules.pop("main", None)
            importlib.import_module(name="main", package="files")
    
>       assert expected_output in mocked_stdout.getvalue().strip()
E       AssertionError: assert 'Grau inválido' in ''
E        +  where '' = <built-in method strip of str object at 0x7f4f78124030>()
E        +    where <built-in method strip of str object at 0x7f4f78124030> = ''.strip
E        +      where '' = <built-in method getvalue of _io.StringIO object at 0x7f4f770379a0>()
E        +        where <built-in method getvalue of _io.StringIO object at 0x7f4f770379a0> = <_io.StringIO object at 0x7f4f770379a0>.getvalue

test_grau_invalido.py:31: AssertionError
___________________ test_grau_invalido[-3-Grau inv\xe1lido] ____________________

monkeypatch = <_pytest.monkeypatch.MonkeyPatch object at 0x7f4f7705d120>
test_input = '-3', expected_output = 'Grau inválido'

    @pytest.mark.parametrize(
        "test_input, expected_output",
        [
            ("-1", "Grau inválido"),
            ("-3", "Grau inválido"),
            ("0", "Grau inválido"),
            ("3", "Grau inválido"),
            ("10", "Grau inválido"),
        ],
    )
    def test_grau_invalido(monkeypatch: MonkeyPatch, test_input: str, expected_output: str):
        mocked_input = lambda prompt="": test_input
        mocked_stdout = io.StringIO()
    
        with monkeypatch.context() as m:
            m.setattr(builtins, "input", mocked_input)
            m.setattr(sys, "stdout", mocked_stdout)
    
            sys.modules.pop("main", None)
            importlib.import_module(name="main", package="files")
    
>       assert expected_output in mocked_stdout.getvalue().strip()
E       AssertionError: assert 'Grau inválido' in ''
E        +  where '' = <built-in method strip of str object at 0x7f4f78124030>()
E        +    where <built-in method strip of str object at 0x7f4f78124030> = ''.strip
E        +      where '' = <built-in method getvalue of _io.StringIO object at 0x7f4f7708f9a0>()
E        +        where <built-in method getvalue of _io.StringIO object at 0x7f4f7708f9a0> = <_io.StringIO object at 0x7f4f7708f9a0>.getvalue

test_grau_invalido.py:31: AssertionError
____________________ test_grau_invalido[0-Grau inv\xe1lido] ____________________

monkeypatch = <_pytest.monkeypatch.MonkeyPatch object at 0x7f4f7700c1c0>
test_input = '0', expected_output = 'Grau inválido'

    @pytest.mark.parametrize(
        "test_input, expected_output",
        [
            ("-1", "Grau inválido"),
            ("-3", "Grau inválido"),
            ("0", "Grau inválido"),
            ("3", "Grau inválido"),
            ("10", "Grau inválido"),
        ],
    )
    def test_grau_invalido(monkeypatch: MonkeyPatch, test_input: str, expected_output: str):
        mocked_input = lambda prompt="": test_input
        mocked_stdout = io.StringIO()
    
        with monkeypatch.context() as m:
            m.setattr(builtins, "input", mocked_input)
            m.setattr(sys, "stdout", mocked_stdout)
    
            sys.modules.pop("main", None)
            importlib.import_module(name="main", package="files")
    
>       assert expected_output in mocked_stdout.getvalue().strip()
E       AssertionError: assert 'Grau inválido' in ''
E        +  where '' = <built-in method strip of str object at 0x7f4f78124030>()
E        +    where <built-in method strip of str object at 0x7f4f78124030> = ''.strip
E        +      where '' = <built-in method getvalue of _io.StringIO object at 0x7f4f7708ca60>()
E        +        where <built-in method getvalue of _io.StringIO object at 0x7f4f7708ca60> = <_io.StringIO object at 0x7f4f7708ca60>.getvalue

test_grau_invalido.py:31: AssertionError
____________________ test_grau_invalido[3-Grau inv\xe1lido] ____________________

monkeypatch = <_pytest.monkeypatch.MonkeyPatch object at 0x7f4f771a08e0>
test_input = '3', expected_output = 'Grau inválido'

    @pytest.mark.parametrize(
        "test_input, expected_output",
        [
            ("-1", "Grau inválido"),
            ("-3", "Grau inválido"),
            ("0", "Grau inválido"),
            ("3", "Grau inválido"),
            ("10", "Grau inválido"),
        ],
    )
    def test_grau_invalido(monkeypatch: MonkeyPatch, test_input: str, expected_output: str):
        mocked_input = lambda prompt="": test_input
        mocked_stdout = io.StringIO()
    
        with monkeypatch.context() as m:
            m.setattr(builtins, "input", mocked_input)
            m.setattr(sys, "stdout", mocked_stdout)
    
            sys.modules.pop("main", None)
            importlib.import_module(name="main", package="files")
    
>       assert expected_output in mocked_stdout.getvalue().strip()
E       AssertionError: assert 'Grau inválido' in ''
E        +  where '' = <built-in method strip of str object at 0x7f4f78124030>()
E        +    where <built-in method strip of str object at 0x7f4f78124030> = ''.strip
E        +      where '' = <built-in method getvalue of _io.StringIO object at 0x7f4f7708cdc0>()
E        +        where <built-in method getvalue of _io.StringIO object at 0x7f4f7708cdc0> = <_io.StringIO object at 0x7f4f7708cdc0>.getvalue

test_grau_invalido.py:31: AssertionError
___________________ test_grau_invalido[10-Grau inv\xe1lido] ____________________

monkeypatch = <_pytest.monkeypatch.MonkeyPatch object at 0x7f4f7700d5a0>
test_input = '10', expected_output = 'Grau inválido'

    @pytest.mark.parametrize(
        "test_input, expected_output",
        [
            ("-1", "Grau inválido"),
            ("-3", "Grau inválido"),
            ("0", "Grau inválido"),
            ("3", "Grau inválido"),
            ("10", "Grau inválido"),
        ],
    )
    def test_grau_invalido(monkeypatch: MonkeyPatch, test_input: str, expected_output: str):
        mocked_input = lambda prompt="": test_input
        mocked_stdout = io.StringIO()
    
        with monkeypatch.context() as m:
            m.setattr(builtins, "input", mocked_input)
            m.setattr(sys, "stdout", mocked_stdout)
    
            sys.modules.pop("main", None)
            importlib.import_module(name="main", package="files")
    
>       assert expected_output in mocked_stdout.getvalue().strip()
E       AssertionError: assert 'Grau inválido' in ''
E        +  where '' = <built-in method strip of str object at 0x7f4f78124030>()
E        +    where <built-in method strip of str object at 0x7f4f78124030> = ''.strip
E        +      where '' = <built-in method getvalue of _io.StringIO object at 0x7f4f7708e7a0>()
E        +        where <built-in method getvalue of _io.StringIO object at 0x7f4f7708e7a0> = <_io.StringIO object at 0x7f4f7708e7a0>.getvalue

test_grau_invalido.py:31: AssertionError
=========================== short test summary info ============================
FAILED test_grau_1.py::test_grau_1_a_0[test_input0-expected_output0] - Assert...
FAILED test_grau_1.py::test_grau_1[test_input0-expected_output0] - AssertionE...
FAILED test_grau_1.py::test_grau_1[test_input1-expected_output1] - AssertionE...
FAILED test_grau_1.py::test_grau_1[test_input2-expected_output2] - AssertionE...
FAILED test_grau_1.py::test_grau_1[test_input3-expected_output3] - AssertionE...
FAILED test_grau_1.py::test_grau_1[test_input4-expected_output4] - AssertionE...
FAILED test_grau_1.py::test_grau_1[test_input5-expected_output5] - AssertionE...
FAILED test_grau_2.py::test_grau_2_a_0[test_input0-expected_output0] - Assert...
FAILED test_grau_2.py::test_grau_2[test_input0-expected_output0] - AssertionE...
FAILED test_grau_2.py::test_grau_2[test_input1-expected_output1] - AssertionE...
FAILED test_grau_2.py::test_grau_2[test_input2-expected_output2] - AssertionE...
FAILED test_grau_2.py::test_grau_2[test_input3-expected_output3] - AssertionE...
FAILED test_grau_2.py::test_grau_2[test_input4-expected_output4] - AssertionE...
FAILED test_grau_2.py::test_grau_2[test_input5-expected_output5] - AssertionE...
FAILED test_grau_2.py::test_grau_2[test_input6-expected_output6] - AssertionE...
FAILED test_grau_invalido.py::test_grau_invalido[-1-Grau inv\xe1lido] - Asser...
FAILED test_grau_invalido.py::test_grau_invalido[-3-Grau inv\xe1lido] - Asser...
FAILED test_grau_invalido.py::test_grau_invalido[0-Grau inv\xe1lido] - Assert...
FAILED test_grau_invalido.py::test_grau_invalido[3-Grau inv\xe1lido] - Assert...
FAILED test_grau_invalido.py::test_grau_invalido[10-Grau inv\xe1lido] - Asser...
============================== 20 failed in 0.10s ==============================
